-------------------------------------------------------------------------------
Test set: com.testing.jbehave.AcceptanceTestSuite
-------------------------------------------------------------------------------
Tests run: 10, Failures: 0, Errors: 1, Skipped: 4, Time elapsed: 2.14 sec <<< FAILURE!
com.testing.jbehave.AcceptanceTestSuite  Time elapsed: 0.725 sec  <<< ERROR!
java.lang.RuntimeException: java.lang.NoSuchMethodError: com.google.common.util.concurrent.MoreExecutors.sameThreadExecutor()Lcom/google/common/util/concurrent/ListeningExecutorService;
	at net.thucydides.jbehave.runners.ThucydidesReportingRunner.run(ThucydidesReportingRunner.java:159)
	at org.apache.maven.surefire.junit4.JUnit4Provider.execute(JUnit4Provider.java:234)
	at org.apache.maven.surefire.junit4.JUnit4Provider.executeTestSet(JUnit4Provider.java:133)
	at org.apache.maven.surefire.junit4.JUnit4Provider.invoke(JUnit4Provider.java:114)
	at sun.reflect.NativeMethodAccessorImpl.invoke0(Native Method)
	at sun.reflect.NativeMethodAccessorImpl.invoke(NativeMethodAccessorImpl.java:62)
	at sun.reflect.DelegatingMethodAccessorImpl.invoke(DelegatingMethodAccessorImpl.java:43)
	at java.lang.reflect.Method.invoke(Method.java:498)
	at org.apache.maven.surefire.util.ReflectionUtils.invokeMethodWithArray(ReflectionUtils.java:188)
	at org.apache.maven.surefire.booter.ProviderFactory$ProviderProxy.invoke(ProviderFactory.java:166)
	at org.apache.maven.surefire.booter.ProviderFactory.invokeProvider(ProviderFactory.java:86)
	at org.apache.maven.surefire.booter.ForkedBooter.runSuitesInProcess(ForkedBooter.java:101)
	at org.apache.maven.surefire.booter.ForkedBooter.main(ForkedBooter.java:74)
Caused by: java.lang.NoSuchMethodError: com.google.common.util.concurrent.MoreExecutors.sameThreadExecutor()Lcom/google/common/util/concurrent/ListeningExecutorService;
	at net.thucydides.core.reports.ReportService.generateReportsFor(ReportService.java:129)
	at net.thucydides.core.reports.ReportService.generateReportsFor(ReportService.java:96)
	at net.thucydides.jbehave.ThucydidesReporter.generateReports(ThucydidesReporter.java:466)
	at net.thucydides.jbehave.ThucydidesReporter.afterStory(ThucydidesReporter.java:446)
	at org.jbehave.core.reporters.DelegatingStoryReporter.afterStory(DelegatingStoryReporter.java:49)
	at org.jbehave.core.reporters.ConcurrentStoryReporter.afterStory(ConcurrentStoryReporter.java:119)
	at org.jbehave.core.embedder.StoryRunner.runBeforeOrAfterStories(StoryRunner.java:85)
	at org.jbehave.core.embedder.StoryManager.runBeforeOrAfterStories(StoryManager.java:91)
	at org.jbehave.core.embedder.StoryManager.runStories(StoryManager.java:86)
	at org.jbehave.core.embedder.Embedder.runStoriesAsPaths(Embedder.java:203)
	at net.thucydides.jbehave.runners.ThucydidesReportingRunner.run(ThucydidesReportingRunner.java:157)
	... 12 more
Caused by: java.lang.NoSuchMethodError: com.google.common.util.concurrent.MoreExecutors.sameThreadExecutor()Lcom/google/common/util/concurrent/ListeningExecutorService;
	at net.thucydides.core.reports.ReportService.generateReportsFor(ReportService.java:129)
	at net.thucydides.core.reports.ReportService.generateReportsFor(ReportService.java:96)
	at net.thucydides.jbehave.ThucydidesReporter.generateReports(ThucydidesReporter.java:466)
	at net.thucydides.jbehave.ThucydidesReporter.afterStory(ThucydidesReporter.java:446)
	at org.jbehave.core.reporters.DelegatingStoryReporter.afterStory(DelegatingStoryReporter.java:49)
	at org.jbehave.core.reporters.ConcurrentStoryReporter.afterStory(ConcurrentStoryReporter.java:119)
	at org.jbehave.core.embedder.StoryRunner.runBeforeOrAfterStories(StoryRunner.java:85)
	at org.jbehave.core.embedder.StoryManager.runBeforeOrAfterStories(StoryManager.java:91)
	at org.jbehave.core.embedder.StoryManager.runStories(StoryManager.java:86)
	at org.jbehave.core.embedder.Embedder.runStoriesAsPaths(Embedder.java:203)
	at net.thucydides.jbehave.runners.ThucydidesReportingRunner.run(ThucydidesReportingRunner.java:157)
	... 12 more
