<?xml version="1.0" encoding="UTF-8" ?>
<testsuite tests="10" failures="0" name="com.testing.jbehave.AcceptanceTestSuite" time="2.141" errors="1" skipped="4">
  <properties>
    <property name="java.runtime.name" value="Java(TM) SE Runtime Environment"/>
    <property name="sun.boot.library.path" value="/Library/Java/JavaVirtualMachines/jdk1.8.0_121.jdk/Contents/Home/jre/lib"/>
    <property name="java.vm.version" value="25.121-b13"/>
    <property name="user.country.format" value="IN"/>
    <property name="gopherProxySet" value="false"/>
    <property name="java.vm.vendor" value="Oracle Corporation"/>
    <property name="maven.multiModuleProjectDirectory" value="/Users/deepak/Documents/workspace/RestAssured_BDD/com.testing.restAssured"/>
    <property name="java.vendor.url" value="http://java.oracle.com/"/>
    <property name="path.separator" value=":"/>
    <property name="guice.disable.misplaced.annotation.check" value="true"/>
    <property name="java.vm.name" value="Java HotSpot(TM) 64-Bit Server VM"/>
    <property name="file.encoding.pkg" value="sun.io"/>
    <property name="user.country" value="US"/>
    <property name="sun.java.launcher" value="SUN_STANDARD"/>
    <property name="sun.os.patch.level" value="unknown"/>
    <property name="java.vm.specification.name" value="Java Virtual Machine Specification"/>
    <property name="user.dir" value="/Users/deepak/Documents/workspace/RestAssured_BDD/com.testing.restAssured"/>
    <property name="java.runtime.version" value="1.8.0_121-b13"/>
    <property name="java.awt.graphicsenv" value="sun.awt.CGraphicsEnvironment"/>
    <property name="java.endorsed.dirs" value="/Library/Java/JavaVirtualMachines/jdk1.8.0_121.jdk/Contents/Home/jre/lib/endorsed"/>
    <property name="os.arch" value="x86_64"/>
    <property name="java.io.tmpdir" value="/var/folders/rf/620st1vx2j337vb6t4k5zfb40000gn/T/"/>
    <property name="line.separator" value="
"/>
    <property name="java.vm.specification.vendor" value="Oracle Corporation"/>
    <property name="os.name" value="Mac OS X"/>
    <property name="classworlds.conf" value="/Users/deepak/Documents/workspace/.metadata/.plugins/org.eclipse.m2e.launching/launches/m2conf1863317462132790739.tmp"/>
    <property name="sun.jnu.encoding" value="UTF-8"/>
    <property name="java.library.path" value="/Users/deepak/Library/Java/Extensions:/Library/Java/Extensions:/Network/Library/Java/Extensions:/System/Library/Java/Extensions:/usr/lib/java:."/>
    <property name="java.specification.name" value="Java Platform API Specification"/>
    <property name="java.class.version" value="52.0"/>
    <property name="sun.management.compiler" value="HotSpot 64-Bit Tiered Compilers"/>
    <property name="os.version" value="10.12"/>
    <property name="http.nonProxyHosts" value="local|*.local|169.254/16|*.169.254/16"/>
    <property name="user.home" value="/Users/deepak"/>
    <property name="user.timezone" value="Asia/Kolkata"/>
    <property name="java.awt.printerjob" value="sun.lwawt.macosx.CPrinterJob"/>
    <property name="java.specification.version" value="1.8"/>
    <property name="file.encoding" value="UTF-8"/>
    <property name="user.name" value="deepak"/>
    <property name="java.class.path" value="/Users/deepak/eclipse/java-neon/Eclipse.app/Contents/Eclipse/../../../../../.p2/pool/plugins/org.eclipse.m2e.maven.runtime_1.7.0.20160603-1931/jars/plexus-classworlds-2.5.2.jar"/>
    <property name="java.vm.specification.version" value="1.8"/>
    <property name="sun.arch.data.model" value="64"/>
    <property name="java.home" value="/Library/Java/JavaVirtualMachines/jdk1.8.0_121.jdk/Contents/Home/jre"/>
    <property name="sun.java.command" value="org.codehaus.plexus.classworlds.launcher.Launcher -B install"/>
    <property name="java.specification.vendor" value="Oracle Corporation"/>
    <property name="user.language" value="en"/>
    <property name="awt.toolkit" value="sun.lwawt.macosx.LWCToolkit"/>
    <property name="java.vm.info" value="mixed mode"/>
    <property name="java.version" value="1.8.0_121"/>
    <property name="java.ext.dirs" value="/Users/deepak/Library/Java/Extensions:/Library/Java/JavaVirtualMachines/jdk1.8.0_121.jdk/Contents/Home/jre/lib/ext:/Library/Java/Extensions:/Network/Library/Java/Extensions:/System/Library/Java/Extensions:/usr/lib/java"/>
    <property name="sun.boot.class.path" value="/Library/Java/JavaVirtualMachines/jdk1.8.0_121.jdk/Contents/Home/jre/lib/resources.jar:/Library/Java/JavaVirtualMachines/jdk1.8.0_121.jdk/Contents/Home/jre/lib/rt.jar:/Library/Java/JavaVirtualMachines/jdk1.8.0_121.jdk/Contents/Home/jre/lib/sunrsasign.jar:/Library/Java/JavaVirtualMachines/jdk1.8.0_121.jdk/Contents/Home/jre/lib/jsse.jar:/Library/Java/JavaVirtualMachines/jdk1.8.0_121.jdk/Contents/Home/jre/lib/jce.jar:/Library/Java/JavaVirtualMachines/jdk1.8.0_121.jdk/Contents/Home/jre/lib/charsets.jar:/Library/Java/JavaVirtualMachines/jdk1.8.0_121.jdk/Contents/Home/jre/lib/jfr.jar:/Library/Java/JavaVirtualMachines/jdk1.8.0_121.jdk/Contents/Home/jre/classes"/>
    <property name="java.vendor" value="Oracle Corporation"/>
    <property name="maven.home" value="/Users/deepak/Documents/workspace/RestAssured_BDD/com.testing.restAssured/EMBEDDED"/>
    <property name="file.separator" value="/"/>
    <property name="java.vendor.url.bug" value="http://bugreport.sun.com/bugreport/"/>
    <property name="sun.cpu.endian" value="little"/>
    <property name="sun.io.unicode.encoding" value="UnicodeBig"/>
    <property name="socksNonProxyHosts" value="local|*.local|169.254/16|*.169.254/16"/>
    <property name="ftp.nonProxyHosts" value="local|*.local|169.254/16|*.169.254/16"/>
    <property name="sun.cpu.isalist" value=""/>
  </properties>
  <testcase classname="java.lang.Object" name="BeforeStories" time="0.016"/>
  <testcase classname="com.testing.jbehave.DefinitionSteps" name="Given I have a Base URI &lt;baseURI&gt; for the REST API" time="0.369"/>
  <testcase classname="com.testing.jbehave.DefinitionSteps" name="And its base path is &lt;BASE_PATH&gt;" time="0.001">
    <skipped/>
  </testcase>
  <testcase classname="com.testing.jbehave.DefinitionSteps" name="And its query parameter is &lt;QUERY_PARAM&gt;" time="0.003">
    <skipped/>
  </testcase>
  <testcase classname="com.testing.jbehave.DefinitionSteps" name="When I send the request to RestAPI" time="0.004">
    <skipped/>
  </testcase>
  <testcase classname="com.testing.jbehave.DefinitionSteps" name="Then the REST API should return me a valid response" time="0.005">
    <skipped/>
  </testcase>
  <testcase classname="Scenario: Rest API basic Look up" name="Scenario: Rest API basic Look up" time="0.01"/>
  <testcase classname="LookupADefinition.story" name="LookupADefinition.story" time="0.127"/>
  <testcase classname="java.lang.Object" name="AfterStories" time="0.001"/>
  <testcase classname="org.apache.maven.surefire.junit4.JUnit4Provider" name="com.testing.jbehave.AcceptanceTestSuite" time="0.725">
    <error message="java.lang.NoSuchMethodError: com.google.common.util.concurrent.MoreExecutors.sameThreadExecutor()Lcom/google/common/util/concurrent/ListeningExecutorService;" type="java.lang.RuntimeException">java.lang.RuntimeException: java.lang.NoSuchMethodError: com.google.common.util.concurrent.MoreExecutors.sameThreadExecutor()Lcom/google/common/util/concurrent/ListeningExecutorService;
	at net.thucydides.jbehave.runners.ThucydidesReportingRunner.run(ThucydidesReportingRunner.java:159)
	at org.apache.maven.surefire.junit4.JUnit4Provider.execute(JUnit4Provider.java:234)
	at org.apache.maven.surefire.junit4.JUnit4Provider.executeTestSet(JUnit4Provider.java:133)
	at org.apache.maven.surefire.junit4.JUnit4Provider.invoke(JUnit4Provider.java:114)
	at sun.reflect.NativeMethodAccessorImpl.invoke0(Native Method)
	at sun.reflect.NativeMethodAccessorImpl.invoke(NativeMethodAccessorImpl.java:62)
	at sun.reflect.DelegatingMethodAccessorImpl.invoke(DelegatingMethodAccessorImpl.java:43)
	at java.lang.reflect.Method.invoke(Method.java:498)
	at org.apache.maven.surefire.util.ReflectionUtils.invokeMethodWithArray(ReflectionUtils.java:188)
	at org.apache.maven.surefire.booter.ProviderFactory$ProviderProxy.invoke(ProviderFactory.java:166)
	at org.apache.maven.surefire.booter.ProviderFactory.invokeProvider(ProviderFactory.java:86)
	at org.apache.maven.surefire.booter.ForkedBooter.runSuitesInProcess(ForkedBooter.java:101)
	at org.apache.maven.surefire.booter.ForkedBooter.main(ForkedBooter.java:74)
Caused by: java.lang.NoSuchMethodError: com.google.common.util.concurrent.MoreExecutors.sameThreadExecutor()Lcom/google/common/util/concurrent/ListeningExecutorService;
	at net.thucydides.core.reports.ReportService.generateReportsFor(ReportService.java:129)
	at net.thucydides.core.reports.ReportService.generateReportsFor(ReportService.java:96)
	at net.thucydides.jbehave.ThucydidesReporter.generateReports(ThucydidesReporter.java:466)
	at net.thucydides.jbehave.ThucydidesReporter.afterStory(ThucydidesReporter.java:446)
	at org.jbehave.core.reporters.DelegatingStoryReporter.afterStory(DelegatingStoryReporter.java:49)
	at org.jbehave.core.reporters.ConcurrentStoryReporter.afterStory(ConcurrentStoryReporter.java:119)
	at org.jbehave.core.embedder.StoryRunner.runBeforeOrAfterStories(StoryRunner.java:85)
	at org.jbehave.core.embedder.StoryManager.runBeforeOrAfterStories(StoryManager.java:91)
	at org.jbehave.core.embedder.StoryManager.runStories(StoryManager.java:86)
	at org.jbehave.core.embedder.Embedder.runStoriesAsPaths(Embedder.java:203)
	at net.thucydides.jbehave.runners.ThucydidesReportingRunner.run(ThucydidesReportingRunner.java:157)
	... 12 more
Caused by: java.lang.NoSuchMethodError: com.google.common.util.concurrent.MoreExecutors.sameThreadExecutor()Lcom/google/common/util/concurrent/ListeningExecutorService;
	at net.thucydides.core.reports.ReportService.generateReportsFor(ReportService.java:129)
	at net.thucydides.core.reports.ReportService.generateReportsFor(ReportService.java:96)
	at net.thucydides.jbehave.ThucydidesReporter.generateReports(ThucydidesReporter.java:466)
	at net.thucydides.jbehave.ThucydidesReporter.afterStory(ThucydidesReporter.java:446)
	at org.jbehave.core.reporters.DelegatingStoryReporter.afterStory(DelegatingStoryReporter.java:49)
	at org.jbehave.core.reporters.ConcurrentStoryReporter.afterStory(ConcurrentStoryReporter.java:119)
	at org.jbehave.core.embedder.StoryRunner.runBeforeOrAfterStories(StoryRunner.java:85)
	at org.jbehave.core.embedder.StoryManager.runBeforeOrAfterStories(StoryManager.java:91)
	at org.jbehave.core.embedder.StoryManager.runStories(StoryManager.java:86)
	at org.jbehave.core.embedder.Embedder.runStoriesAsPaths(Embedder.java:203)
	at net.thucydides.jbehave.runners.ThucydidesReportingRunner.run(ThucydidesReportingRunner.java:157)
	... 12 more
</error>
    <system-out>
Generating reports view to &apos;/Users/deepak/Documents/workspace/RestAssured_BDD/com.testing.restAssured/target/jbehave&apos; using formats &apos;[stats, console, html, xml, thucydidesreporter, junitscenarioreporter]&apos; and view properties &apos;{decorateNonHtml=true}&apos;
Reports view generated with 1 stories (of which 1 pending) containing 1 scenarios (of which 1 pending)
</system-out>
    <system-err>1397 [main] INFO net.thucydides.core.reports.ReportService - Reporting formats: [JSON, XML, HTML]
1399 [main] INFO net.thucydides.core.reports.ReportService - Found reporter: net.thucydides.core.reports.xml.XMLTestOutcomeReporter@7bf3a5d8(format = Optional.of(XML))
1399 [main] INFO net.thucydides.core.reports.ReportService - Registering reporter: net.thucydides.core.reports.xml.XMLTestOutcomeReporter@7bf3a5d8
Sep 17, 2017 7:06:03 PM org.hibernate.validator.internal.util.Version &lt;clinit&gt;
INFO: HV000001: Hibernate Validator 5.1.1.Final
1688 [main] INFO net.thucydides.core.reports.ReportService - Found reporter: net.thucydides.core.reports.json.JSONTestOutcomeReporter@5ccbeb64(format = Optional.of(JSON))
1688 [main] INFO net.thucydides.core.reports.ReportService - Registering reporter: net.thucydides.core.reports.json.JSONTestOutcomeReporter@5ccbeb64
1750 [main] INFO net.thucydides.core.reports.ReportService - Found reporter: net.thucydides.core.reports.html.HtmlAcceptanceTestReporter@3a0d172f(format = Optional.of(HTML))
1750 [main] INFO net.thucydides.core.reports.ReportService - Registering reporter: net.thucydides.core.reports.html.HtmlAcceptanceTestReporter@3a0d172f
1802 [main] INFO net.thucydides.core.reports.ReportService - Generating reports using: net.thucydides.core.reports.xml.XMLTestOutcomeReporter@7bf3a5d8
</system-err>
  </testcase>
</testsuite>